<?xml version="1.0" encoding="UTF-8"?>
<testng-results skipped="0" failed="0" ignored="0" total="1" passed="1">
  <reporter-output>
    <line>
      <![CDATA[Suite Execution StartsSun Jan 13 22:28:35 IST 2019]]>
    </line>
    <line>
      <![CDATA[Chrome browser launched]]>
    </line>
    <line>
      <![CDATA[url is navigated]]>
    </line>
    <line>
      <![CDATA[createCustCreateProjDelCustscript execution startsSun Jan 13 22:28:42 IST 2019]]>
    </line>
    <line>
      <![CDATA[Customer "Vikas KB" has been successfully created.]]>
    </line>
    <line>
      <![CDATA[Project "Vikas' Project" has been successfully created.]]>
    </line>
    <line>
      <![CDATA[1 new task was added to the customer "Vikas KB", project "Vikas' Project".]]>
    </line>
    <line>
      <![CDATA[1 new task was added to the customer "Vikas KB", project "Vikas' Project".]]>
    </line>
    <line>
      <![CDATA[Customer has been successfully deleted.]]>
    </line>
    <line>
      <![CDATA[createCustCreateProjDelCustscript is passed :)]]>
    </line>
    <line>
      <![CDATA[Browser Closed]]>
    </line>
    <line>
      <![CDATA[All Sessions Are Closed]]>
    </line>
  </reporter-output>
  <suite name="Suite" duration-ms="37283" started-at="2019-01-13T16:58:35Z" finished-at="2019-01-13T16:59:12Z">
    <groups>
    </groups>
    <test name="Test" duration-ms="37283" started-at="2019-01-13T16:58:35Z" finished-at="2019-01-13T16:59:12Z">
      <class name="com.actitime.scripts.MultipleTasksDelCustomerTest">
        <test-method status="PASS" signature="preCondition(java.lang.String, java.lang.String)[pri:0, instance:com.actitime.scripts.MultipleTasksDelCustomerTest@2173f6d9]" name="preCondition" is-config="true" duration-ms="6843" started-at="2019-01-13T16:58:35Z" finished-at="2019-01-13T16:58:42Z">
          <params>
            <param index="0">
              <value>
                <![CDATA[chrome]]>
              </value>
            </param>
            <param index="1">
              <value>
                <![CDATA[http://127.0.0.1/login.do]]>
              </value>
            </param>
          </params>
          <reporter-output>
            <line>
              <![CDATA[Chrome browser launched]]>
            </line>
            <line>
              <![CDATA[url is navigated]]>
            </line>
          </reporter-output>
        </test-method> <!-- preCondition -->
        <test-method status="PASS" signature="createCustCreateProjDelCust()[pri:0, instance:com.actitime.scripts.MultipleTasksDelCustomerTest@2173f6d9]" name="createCustCreateProjDelCust" duration-ms="27468" started-at="2019-01-13T16:58:42Z" finished-at="2019-01-13T16:59:10Z">
          <reporter-output>
            <line>
              <![CDATA[createCustCreateProjDelCustscript execution startsSun Jan 13 22:28:42 IST 2019]]>
            </line>
            <line>
              <![CDATA[Customer "Vikas KB" has been successfully created.]]>
            </line>
            <line>
              <![CDATA[Project "Vikas' Project" has been successfully created.]]>
            </line>
            <line>
              <![CDATA[1 new task was added to the customer "Vikas KB", project "Vikas' Project".]]>
            </line>
            <line>
              <![CDATA[1 new task was added to the customer "Vikas KB", project "Vikas' Project".]]>
            </line>
            <line>
              <![CDATA[Customer has been successfully deleted.]]>
            </line>
            <line>
              <![CDATA[createCustCreateProjDelCustscript is passed :)]]>
            </line>
          </reporter-output>
        </test-method> <!-- createCustCreateProjDelCust -->
        <test-method status="PASS" signature="postCondition()[pri:0, instance:com.actitime.scripts.MultipleTasksDelCustomerTest@2173f6d9]" name="postCondition" is-config="true" duration-ms="2908" started-at="2019-01-13T16:59:10Z" finished-at="2019-01-13T16:59:12Z">
          <reporter-output>
            <line>
              <![CDATA[Browser Closed]]>
            </line>
            <line>
              <![CDATA[All Sessions Are Closed]]>
            </line>
          </reporter-output>
        </test-method> <!-- postCondition -->
      </class> <!-- com.actitime.scripts.MultipleTasksDelCustomerTest -->
    </test> <!-- Test -->
  </suite> <!-- Suite -->
</testng-results>
